{"uuid":"f0aefe68-1aa9-4235-b1aa-d72c4a45c021","historyId":"47fc7c510af7bfdd8e50f9c8f213a02b","fullName":"tests.CheckStaysResultPage.checkFilterPriceLess2000","labels":[{"name":"package","value":"tests.CheckStaysResultPage"},{"name":"testClass","value":"tests.CheckStaysResultPage"},{"name":"testMethod","value":"checkFilterPriceLess2000"},{"name":"parentSuite","value":"All Test Suite"},{"name":"suite","value":"F:/Demo2/Demo2/SecondDemo"},{"name":"subSuite","value":"tests.CheckStaysResultPage"},{"name":"host","value":"DESKTOP-HCHNUOI"},{"name":"thread","value":"23324@DESKTOP-HCHNUOI.main(1)"},{"name":"framework","value":"testng"},{"name":"language","value":"java"}],"links":[],"name":"Check the filter 'Price is less than or equal to 2000'","status":"failed","statusDetails":{"known":false,"muted":false,"flaky":false,"message":"The following asserts failed:\n\tThe price is more than 2000 UAH! expected [2] but found [3]","trace":"java.lang.AssertionError: The following asserts failed:\n\tThe price is more than 2000 UAH! expected [2] but found [3]\r\n\tat org.testng.asserts.SoftAssert.assertAll(SoftAssert.java:47)\r\n\tat org.testng.asserts.SoftAssert.assertAll(SoftAssert.java:31)\r\n\tat PageObject.StaysResultsPage.checkPrice(StaysResultsPage.java:134)\r\n\tat tests.CheckStaysResultPage.checkFilterPriceLess2000(CheckStaysResultPage.java:38)\r\n\tat sun.reflect.NativeMethodAccessorImpl.invoke0(Native Method)\r\n\tat sun.reflect.NativeMethodAccessorImpl.invoke(NativeMethodAccessorImpl.java:62)\r\n\tat sun.reflect.DelegatingMethodAccessorImpl.invoke(DelegatingMethodAccessorImpl.java:43)\r\n\tat java.lang.reflect.Method.invoke(Method.java:498)\r\n\tat org.testng.internal.MethodInvocationHelper.invokeMethod(MethodInvocationHelper.java:134)\r\n\tat org.testng.internal.TestInvoker.invokeMethod(TestInvoker.java:597)\r\n\tat org.testng.internal.TestInvoker.invokeTestMethod(TestInvoker.java:173)\r\n\tat org.testng.internal.MethodRunner.runInSequence(MethodRunner.java:46)\r\n\tat org.testng.internal.TestInvoker$MethodInvocationAgent.invoke(TestInvoker.java:816)\r\n\tat org.testng.internal.TestInvoker.invokeTestMethods(TestInvoker.java:146)\r\n\tat org.testng.internal.TestMethodWorker.invokeTestMethods(TestMethodWorker.java:146)\r\n\tat org.testng.internal.TestMethodWorker.run(TestMethodWorker.java:128)\r\n\tat java.util.ArrayList.forEach(ArrayList.java:1259)\r\n\tat org.testng.TestRunner.privateRun(TestRunner.java:766)\r\n\tat org.testng.TestRunner.run(TestRunner.java:587)\r\n\tat org.testng.SuiteRunner.runTest(SuiteRunner.java:384)\r\n\tat org.testng.SuiteRunner.runSequentially(SuiteRunner.java:378)\r\n\tat org.testng.SuiteRunner.privateRun(SuiteRunner.java:337)\r\n\tat org.testng.SuiteRunner.run(SuiteRunner.java:286)\r\n\tat org.testng.SuiteRunnerWorker.runSuite(SuiteRunnerWorker.java:53)\r\n\tat org.testng.SuiteRunnerWorker.run(SuiteRunnerWorker.java:96)\r\n\tat org.testng.TestNG.runSuitesSequentially(TestNG.java:1187)\r\n\tat org.testng.TestNG.runSuitesLocally(TestNG.java:1109)\r\n\tat org.testng.TestNG.runSuites(TestNG.java:1039)\r\n\tat org.testng.TestNG.run(TestNG.java:1007)\r\n\tat org.apache.maven.surefire.testng.TestNGExecutor.run(TestNGExecutor.java:284)\r\n\tat org.apache.maven.surefire.testng.TestNGXmlTestSuite.execute(TestNGXmlTestSuite.java:75)\r\n\tat org.apache.maven.surefire.testng.TestNGProvider.invoke(TestNGProvider.java:119)\r\n\tat org.apache.maven.surefire.booter.ForkedBooter.runSuitesInProcess(ForkedBooter.java:428)\r\n\tat org.apache.maven.surefire.booter.ForkedBooter.execute(ForkedBooter.java:162)\r\n\tat org.apache.maven.surefire.booter.ForkedBooter.run(ForkedBooter.java:562)\r\n\tat org.apache.maven.surefire.booter.ForkedBooter.main(ForkedBooter.java:548)\r\n"},"stage":"finished","steps":[{"name":"Open booking.com","status":"passed","stage":"finished","steps":[],"attachments":[],"parameters":[],"start":1643830992781,"stop":1643830995518},{"name":"Check stays button is enabled","status":"passed","stage":"finished","steps":[],"attachments":[],"parameters":[],"start":1643830995519,"stop":1643830995665},{"name":"Enter destination","status":"passed","stage":"finished","steps":[],"attachments":[],"parameters":[],"start":1643830995665,"stop":1643830996508},{"name":"Click on dates check-in button","status":"passed","stage":"finished","steps":[],"attachments":[],"parameters":[],"start":1643830996508,"stop":1643830996855},{"name":"Choose date check-in","status":"passed","stage":"finished","steps":[],"attachments":[],"parameters":[],"start":1643830996855,"stop":1643830997050},{"name":"Choose date checkout","status":"passed","stage":"finished","steps":[],"attachments":[],"parameters":[],"start":1643830997050,"stop":1643830997162},{"name":"Click on guests toggle","status":"passed","stage":"finished","steps":[],"attachments":[],"parameters":[],"start":1643830997162,"stop":1643830997223},{"name":"Check that prices button is enabled","status":"passed","stage":"finished","steps":[],"attachments":[],"parameters":[],"start":1643830997224,"stop":1643830997300},{"name":"Click on prices button","status":"passed","stage":"finished","steps":[],"attachments":[],"parameters":[],"start":1643830997300,"stop":1643831001885},{"name":"Check that the name of the destination item is what is entered","status":"passed","stage":"finished","steps":[],"attachments":[],"parameters":[],"start":1643831001885,"stop":1643831002952},{"name":"Check that filter popup is displayed","status":"passed","stage":"finished","steps":[],"attachments":[],"parameters":[],"start":1643831002953,"stop":1643831003388},{"name":"Check that price filter 'Less2000' is displayed","status":"passed","stage":"finished","steps":[],"attachments":[],"parameters":[],"start":1643831003388,"stop":1643831003517},{"name":"Check that checkbox for price filter 'Less 2000' is enabled","status":"passed","stage":"finished","steps":[],"attachments":[],"parameters":[],"start":1643831003519,"stop":1643831003684},{"name":"Click on checkbox for price filter 'Less 2000'","status":"passed","stage":"finished","steps":[],"attachments":[],"parameters":[],"start":1643831003684,"stop":1643831005034},{"name":"Check entered destination","status":"passed","stage":"finished","steps":[],"attachments":[],"parameters":[],"start":1643831005035,"stop":1643831005103},{"name":"Check that 'Popularity' button is displayed","status":"passed","stage":"finished","steps":[],"attachments":[],"parameters":[],"start":1643831005104,"stop":1643831005237},{"name":"Check that 'Houses and apartments first' button is displayed","status":"passed","stage":"finished","steps":[],"attachments":[],"parameters":[],"start":1643831005238,"stop":1643831005368},{"name":"Check that 'From low price' button is displayed","status":"passed","stage":"finished","steps":[],"attachments":[],"parameters":[],"start":1643831005369,"stop":1643831005495},{"name":"Check that the name of the destination match the entered","status":"passed","stage":"finished","steps":[],"attachments":[],"parameters":[],"start":1643831005496,"stop":1643831005537},{"name":"Click on close button","status":"passed","stage":"finished","steps":[],"attachments":[],"parameters":[],"start":1643831005537,"stop":1643831005669},{"name":"Check that the price is less than or equal to 2000","status":"failed","statusDetails":{"known":false,"muted":false,"flaky":false,"message":"The following asserts failed:\n\tThe price is more than 2000 UAH! expected [2] but found [3]","trace":"java.lang.AssertionError: The following asserts failed:\n\tThe price is more than 2000 UAH! expected [2] but found [3]\r\n\tat org.testng.asserts.SoftAssert.assertAll(SoftAssert.java:47)\r\n\tat org.testng.asserts.SoftAssert.assertAll(SoftAssert.java:31)\r\n\tat PageObject.StaysResultsPage.checkPrice(StaysResultsPage.java:134)\r\n\tat tests.CheckStaysResultPage.checkFilterPriceLess2000(CheckStaysResultPage.java:38)\r\n\tat sun.reflect.NativeMethodAccessorImpl.invoke0(Native Method)\r\n\tat sun.reflect.NativeMethodAccessorImpl.invoke(NativeMethodAccessorImpl.java:62)\r\n\tat sun.reflect.DelegatingMethodAccessorImpl.invoke(DelegatingMethodAccessorImpl.java:43)\r\n\tat java.lang.reflect.Method.invoke(Method.java:498)\r\n\tat org.testng.internal.MethodInvocationHelper.invokeMethod(MethodInvocationHelper.java:134)\r\n\tat org.testng.internal.TestInvoker.invokeMethod(TestInvoker.java:597)\r\n\tat org.testng.internal.TestInvoker.invokeTestMethod(TestInvoker.java:173)\r\n\tat org.testng.internal.MethodRunner.runInSequence(MethodRunner.java:46)\r\n\tat org.testng.internal.TestInvoker$MethodInvocationAgent.invoke(TestInvoker.java:816)\r\n\tat org.testng.internal.TestInvoker.invokeTestMethods(TestInvoker.java:146)\r\n\tat org.testng.internal.TestMethodWorker.invokeTestMethods(TestMethodWorker.java:146)\r\n\tat org.testng.internal.TestMethodWorker.run(TestMethodWorker.java:128)\r\n\tat java.util.ArrayList.forEach(ArrayList.java:1259)\r\n\tat org.testng.TestRunner.privateRun(TestRunner.java:766)\r\n\tat org.testng.TestRunner.run(TestRunner.java:587)\r\n\tat org.testng.SuiteRunner.runTest(SuiteRunner.java:384)\r\n\tat org.testng.SuiteRunner.runSequentially(SuiteRunner.java:378)\r\n\tat org.testng.SuiteRunner.privateRun(SuiteRunner.java:337)\r\n\tat org.testng.SuiteRunner.run(SuiteRunner.java:286)\r\n\tat org.testng.SuiteRunnerWorker.runSuite(SuiteRunnerWorker.java:53)\r\n\tat org.testng.SuiteRunnerWorker.run(SuiteRunnerWorker.java:96)\r\n\tat org.testng.TestNG.runSuitesSequentially(TestNG.java:1187)\r\n\tat org.testng.TestNG.runSuitesLocally(TestNG.java:1109)\r\n\tat org.testng.TestNG.runSuites(TestNG.java:1039)\r\n\tat org.testng.TestNG.run(TestNG.java:1007)\r\n\tat org.apache.maven.surefire.testng.TestNGExecutor.run(TestNGExecutor.java:284)\r\n\tat org.apache.maven.surefire.testng.TestNGXmlTestSuite.execute(TestNGXmlTestSuite.java:75)\r\n\tat org.apache.maven.surefire.testng.TestNGProvider.invoke(TestNGProvider.java:119)\r\n\tat org.apache.maven.surefire.booter.ForkedBooter.runSuitesInProcess(ForkedBooter.java:428)\r\n\tat org.apache.maven.surefire.booter.ForkedBooter.execute(ForkedBooter.java:162)\r\n\tat org.apache.maven.surefire.booter.ForkedBooter.run(ForkedBooter.java:562)\r\n\tat org.apache.maven.surefire.booter.ForkedBooter.main(ForkedBooter.java:548)\r\n"},"stage":"finished","steps":[],"attachments":[],"parameters":[],"start":1643831005670,"stop":1643831005828}],"attachments":[{"name":"onTestFailure","source":"fa2892ea-8ea5-4c0b-967f-2c57cf676863-attachment"}],"parameters":[],"start":1643830991168,"stop":1643831007162}